<?xml version="1.0" encoding="UTF-8"?>
<!-- Generated by org.testng.reporters.JUnitReportReporter -->
<testsuite hostname="DESKTOP-JUA9SJ7" failures="0" tests="1" name="testCases.TC004_AddToCartTest" time="5.681" errors="0" timestamp="2025-09-03T15:25:56 IST" skipped="0">
  <testcase classname="testCases.TC004_AddToCartTest" name="AddToCart" time="5.681"/>
</testsuite> <!-- testCases.TC004_AddToCartTest -->
