<?xml version="1.0" encoding="UTF-8"?>
<!-- Generated by org.testng.reporters.JUnitReportReporter -->
<testsuite hostname="DESKTOP-JUA9SJ7" failures="0" tests="1" name="testCases.TC006_AddToWishListTest" time="6.164" errors="0" timestamp="2025-09-09T15:47:40 IST" skipped="0">
  <testcase classname="testCases.TC006_AddToWishListTest" name="AddToWishListTest" time="6.164"/>
</testsuite> <!-- testCases.TC006_AddToWishListTest -->
