<?xml version="1.0" encoding="UTF-8"?>
<!-- Generated by org.testng.reporters.JUnitReportReporter -->
<testsuite hostname="DESKTOP-JUA9SJ7" failures="0" tests="1" name="testCases.TC002_LoginTest" time="4.342" errors="0" timestamp="2025-08-21T20:49:59 IST" skipped="0">
  <testcase classname="testCases.TC002_LoginTest" name="test_LoginTest" time="4.342"/>
</testsuite> <!-- testCases.TC002_LoginTest -->
