<?xml version="1.0" encoding="UTF-8"?>
<!-- Generated by org.testng.reporters.JUnitReportReporter -->
<testsuite hostname="DESKTOP-JUA9SJ7" failures="0" tests="1" name="testCases.TC001_AccountRegistrationTest" time="4.439" errors="0" timestamp="2025-08-21T16:18:12 IST" skipped="0">
  <testcase classname="testCases.TC001_AccountRegistrationTest" name="test_Account_Registration" time="4.439"/>
</testsuite> <!-- testCases.TC001_AccountRegistrationTest -->
