<?xml version="1.0" encoding="UTF-8"?>
<!-- Generated by org.testng.reporters.JUnitReportReporter -->
<testsuite hostname="DESKTOP-JUA9SJ7" failures="0" tests="1" name="testCases.TC002_LoginTest" time="22.621" errors="0" timestamp="2025-09-03T14:51:36 IST" skipped="0">
  <testcase classname="testCases.TC002_LoginTest" name="test_LoginTest" time="22.621"/>
</testsuite> <!-- testCases.TC002_LoginTest -->
